<?xml version="1.0" encoding="UTF-8"?>
<!-- Generated by org.testng.reporters.JUnitReportReporter -->
<testsuite skipped="0" hostname="CRKRL-KAMRAFAR1" name="Automation.NewTest" tests="1" failures="0" timestamp="2019-11-19T16:24:24 PKT" time="31.732" errors="0">
  <testcase name="f" time="31.732" classname="Automation.NewTest"/>
</testsuite> <!-- Automation.NewTest -->
